C51 COMPILER V9.54   MAIN                                                                  05/13/2024 19:17:49 PAGE 1   


C51 COMPILER V9.54, COMPILATION OF MODULE MAIN
OBJECT MODULE PLACED IN .\Objects\main.obj
COMPILER INVOKED BY: C:\Keil_v5\C51\BIN\C51.EXE main.c OPTIMIZE(8,SPEED) BROWSE DEBUG OBJECTEXTEND PRINT(.\Listings\main
                    -.lst) OBJECT(.\Objects\main.obj)

line level    source

   1          #include <REGX52.H>
   2          
   3          #define WHEN_BUTTON_PRESSED(Button) \
   4                  DelayMs(20);                                    \
   5                  while(Button == 0);                     \
   6                  DelayMs(20);
   7          
   8          // Delay for @11.0592MHz
   9          void DelayMs(unsigned int xms)
  10          {
  11   1              unsigned char i, j;
  12   1              
  13   1              while (xms--)
  14   1              {
  15   2                      for (i = 2; i > 0; i--)
  16   2                      {
  17   3                              for (j = 199; j > 0; j--);
  18   3                      }
  19   2              }
  20   1      }
  21          
  22          void main()
  23          {
  24   1              unsigned char Step = 0;
  25   1              P2 = ~0x01;
  26   1              
  27   1              while (1)
  28   1              {
  29   2                      if (P3_1 == 0)
  30   2                      {
  31   3                              WHEN_BUTTON_PRESSED(P3_1);
  32   3                              
  33   3                              if (Step == 7) Step = 0;
  34   3                              else Step++;
  35   3                              
  36   3                              P2 = ~(0x01 << Step);
  37   3                      }
  38   2                      
  39   2                      if (P3_0 == 0)
  40   2                      {
  41   3                              WHEN_BUTTON_PRESSED(P3_0);
  42   3                              
  43   3                              if (Step == 0) Step = 7;
  44   3                              else Step--;
  45   3                              
  46   3                              P2 = ~(0x01 << Step);
  47   3                      }
  48   2              }
  49   1      }


MODULE INFORMATION:   STATIC OVERLAYABLE
   CODE SIZE        =    105    ----
   CONSTANT SIZE    =   ----    ----
C51 COMPILER V9.54   MAIN                                                                  05/13/2024 19:17:49 PAGE 2   

   XDATA SIZE       =   ----    ----
   PDATA SIZE       =   ----    ----
   DATA SIZE        =   ----    ----
   IDATA SIZE       =   ----    ----
   BIT SIZE         =   ----    ----
END OF MODULE INFORMATION.


C51 COMPILATION COMPLETE.  0 WARNING(S),  0 ERROR(S)
