C51 COMPILER V9.54   MAIN                                                                  05/19/2024 23:35:32 PAGE 1   


C51 COMPILER V9.54, COMPILATION OF MODULE MAIN
OBJECT MODULE PLACED IN .\Objects\main.obj
COMPILER INVOKED BY: C:\Keil_v5\C51\BIN\C51.EXE main.c OPTIMIZE(8,SPEED) BROWSE DEBUG OBJECTEXTEND PRINT(.\Listings\main
                    -.lst) OBJECT(.\Objects\main.obj)

line level    source

   1          #include <REGX52.H>
   2          #define CLOCK
   3          #ifndef CLOCK
                      #include <INTRINS.H>
              #endif
   6          #ifdef CLOCK
   7                  #include "LCD1602.h"
   8          #endif
   9          
  10          void InitTimer0()
  11          {
  12   1              TMOD &= 0xF0;
  13   1              TMOD |= 0x01;
  14   1              
  15   1              // TCON
  16   1              TF0 = 0;
  17   1              TR0 = 1;
  18   1              // 64535 / 256
  19   1              TH0 = 0xFC;
  20   1              // 64535 % 256
  21   1              TL0 = 0x66;
  22   1              
  23   1              // Interrupt system
  24   1              ET0 = 1;
  25   1              EA  = 1;
  26   1              PT0 = 0;
  27   1      }
  28          
  29          void (*CallbackFunc)(void) = 0;
  30          
  31          void Routine_Timer0() interrupt 1
  32          {
  33   1              static unsigned int Count = 0;
  34   1              
  35   1              TH0 = 0xFC;
  36   1              TL0 = 0x66;
  37   1              
  38   1              Count++;
  39   1              if (Count >= 1000)
  40   1              {
  41   2                      Count = 0;
  42   2                      if (CallbackFunc) CallbackFunc();
  43   2              }
  44   1      }
  45          
  46          #ifndef CLOCK
              
              #define WHEN_BUTTON_PRESSED(Button) \
                      DelayMs(20);                                    \
                      while(Button == 0);                     \
                      DelayMs(20);
              
              typedef enum
              {
C51 COMPILER V9.54   MAIN                                                                  05/19/2024 23:35:32 PAGE 2   

                      LEFT,
                      RIGHT
              } LedMode;
              
              // Delay for @11.0592MHz
              void DelayMs(unsigned int xms)
              {
                      unsigned char i, j;
                      
                      while (xms--)
                      {
                              for (i = 2; i > 0; i--)
                              {
                                      for (j = 199; j > 0; j--);
                              }
                      }
              }
              
              unsigned char Key()
              {
                      unsigned char KeyNum = 0;
                      
                      if (P3_1 == 0) { WHEN_BUTTON_PRESSED(P3_1); KeyNum = 1; }
                      if (P3_0 == 0) { WHEN_BUTTON_PRESSED(P3_0); KeyNum = 2; }
                      if (P3_2 == 0) { WHEN_BUTTON_PRESSED(P3_2); KeyNum = 3; }
                      if (P3_3 == 0) { WHEN_BUTTON_PRESSED(P3_3); KeyNum = 4; }
              
                      return KeyNum;
              }
              
              LedMode Mode = LEFT;
              
              void WaterfallLight()
              {
                      if (Mode == LEFT) P2 = _crol_(P2, 1);
                      else if (Mode == RIGHT) P2 = _cror_(P2, 1);
              }
              
              void main()
              {
                      unsigned char KeyNum = 0;
                      
                      P2 = 0xFE;
                      InitTimer0();
                      CallbackFunc = WaterfallLight;
                      
                      while (1)
                      {
                              KeyNum = Key();
                              if (KeyNum)
                              {
                                      if (KeyNum == 1) Mode = LEFT;
                                      if (KeyNum == 2) Mode = RIGHT;
                              }
                      }
              }
              
              #endif
 113          
 114          #ifdef CLOCK
 115          
 116          unsigned char Sec, Min, Hour;
C51 COMPILER V9.54   MAIN                                                                  05/19/2024 23:35:32 PAGE 3   

 117          
 118          void UpdateSec()
 119          {
 120   1              Sec++;
 121   1              if (Sec > 60)
 122   1              {
 123   2                      Sec = 0;
 124   2                      Min++;
 125   2                      if (Min > 60)
 126   2                      {
 127   3                              Min = 0;
 128   3                              Hour++;
 129   3                              if (Hour > 24) Hour = 0;
 130   3                      }
 131   2              }
 132   1      }
 133          
 134          void main()
 135          {
 136   1              LCD_Init();
 137   1              InitTimer0();
 138   1              CallbackFunc = UpdateSec;
 139   1              
 140   1              LCD_ShowString(1, 1, "Clock:");
 141   1              LCD_ShowString(2, 1, "  :  :");
 142   1              
 143   1              while (1)
 144   1              {
 145   2                      LCD_ShowNum(2, 1, Hour, 2);
 146   2                      LCD_ShowNum(2, 4, Min, 2);
 147   2                      LCD_ShowNum(2, 7, Sec, 2);
 148   2              }
 149   1      }
 150          
 151          #endif


MODULE INFORMATION:   STATIC OVERLAYABLE
   CODE SIZE        =    248    ----
   CONSTANT SIZE    =     14    ----
   XDATA SIZE       =   ----    ----
   PDATA SIZE       =   ----    ----
   DATA SIZE        =      8    ----
   IDATA SIZE       =   ----    ----
   BIT SIZE         =   ----    ----
END OF MODULE INFORMATION.


C51 COMPILATION COMPLETE.  0 WARNING(S),  0 ERROR(S)
