C51 COMPILER V9.54   MAIN                                                                  05/14/2024 21:38:24 PAGE 1   


C51 COMPILER V9.54, COMPILATION OF MODULE MAIN
OBJECT MODULE PLACED IN .\Objects\main.obj
COMPILER INVOKED BY: C:\Keil_v5\C51\BIN\C51.EXE main.c OPTIMIZE(8,SPEED) BROWSE DEBUG OBJECTEXTEND PRINT(.\Listings\main
                    -.lst) OBJECT(.\Objects\main.obj)

line level    source

   1          #include <REGX52.H>
   2          
   3          typedef struct
   4          {
   5                  int A;
   6                  int B;
   7                  int C;
   8          } F74LS138;
   9          
  10          F74LS138 TubeTable[] = {
  11                  {1, 1, 1}, {1, 1, 0}, {1, 0, 1}, {1, 0, 0},
  12                  {0, 1, 1}, {0, 1, 0}, {0, 0, 1}, {0, 0, 0}
  13          };
  14          
  15          unsigned char DigitTable[] = {
  16                  0x3F, 0x06, 0x5B, 0x4F,
  17                  0x66, 0x6D, 0x7D, 0x7F, 0x6F
  18          };
  19          
  20          // Delay for @11.0592MHz
  21          void DelayMs(unsigned int xms)
  22          {
  23   1              unsigned char i, j;
  24   1              
  25   1              while (xms--)
  26   1              {
  27   2                      for (i = 2; i > 0; i--)
  28   2                      {
  29   3                              for (j = 199; j > 0; j--);
  30   3                      }
  31   2              }
  32   1      }
  33          
  34          void DisplayDigit(unsigned char Location, Number)
  35          {
  36   1              P2_4 = TubeTable[Location].A;
  37   1              P2_3 = TubeTable[Location].B;
  38   1              P2_2 = TubeTable[Location].C;
  39   1              
  40   1              P0 = DigitTable[Number];
  41   1              
  42   1              DelayMs(1);
  43   1              P0 = 0x00;
  44   1      }
  45          
  46          void main()
  47          {
  48   1              while (1)
  49   1              {
  50   2                      DisplayDigit(0, 1);
  51   2                      DisplayDigit(1, 1);
  52   2                      DisplayDigit(2, 4);
  53   2                      DisplayDigit(4, 5);
  54   2                      DisplayDigit(5, 1);
C51 COMPILER V9.54   MAIN                                                                  05/14/2024 21:38:24 PAGE 2   

  55   2                      DisplayDigit(6, 4);
  56   2              }
  57   1      }


MODULE INFORMATION:   STATIC OVERLAYABLE
   CODE SIZE        =    153    ----
   CONSTANT SIZE    =   ----    ----
   XDATA SIZE       =   ----    ----
   PDATA SIZE       =   ----    ----
   DATA SIZE        =     57    ----
   IDATA SIZE       =   ----    ----
   BIT SIZE         =   ----    ----
END OF MODULE INFORMATION.


C51 COMPILATION COMPLETE.  0 WARNING(S),  0 ERROR(S)
