C51 COMPILER V9.54   MAIN                                                                  05/20/2024 23:42:42 PAGE 1   


C51 COMPILER V9.54, COMPILATION OF MODULE MAIN
OBJECT MODULE PLACED IN .\Objects\main.obj
COMPILER INVOKED BY: C:\Keil_v5\C51\BIN\C51.EXE main.c OPTIMIZE(8,SPEED) BROWSE DEBUG OBJECTEXTEND PRINT(.\Listings\main
                    -.lst) OBJECT(.\Objects\main.obj)

line level    source

   1          #include <REGX52.H>
   2          
   3          #define RECEIVER
   4          
   5          // Delay for @11.0592MHz
   6          void DelayMs(unsigned int xms)
   7          {
   8   1              unsigned char i, j;
   9   1              
  10   1              while (xms--)
  11   1              {
  12   2                      for (i = 2; i > 0; i--)
  13   2                      {
  14   3                              for (j = 199; j > 0; j--);
  15   3                      }
  16   2              }
  17   1      }
  18          
  19          void InitUart()
  20          {
  21   1      #ifdef RECEIVER
  22   1              SCON = 0x50;
  23   1      #endif
  24   1      #ifndef RECEIVER
                      SCON = 0x40;
              #endif
  27   1              
  28   1              PCON &= 0x7F;
  29   1              
  30   1              // Init timer 1
  31   1              TMOD &= 0x0F;
  32   1              TMOD |= 0x20;
  33   1              TH1 = 0xFA;
  34   1              TL1 = 0xFA;
  35   1              ET1 = 0;
  36   1              TR1 = 1;
  37   1              
  38   1      #ifdef RECEIVER
  39   1              EA = 1;
  40   1              ES = 1;
  41   1      #endif
  42   1      }
  43          
  44          void SendByteByUart(unsigned char Byte)
  45          {
  46   1              SBUF = Byte;
  47   1              while (TI == 0);
  48   1              TI = 0;
  49   1      }
  50          
  51          #ifndef RECEIVER
              
              void main()
              {
C51 COMPILER V9.54   MAIN                                                                  05/20/2024 23:42:42 PAGE 2   

                      unsigned char Sec = 0x00;
                      
                      InitUart();
                      
                      while (1)
                      {
                              SendByteByUart(Sec);
                              Sec++;
                              DelayMs(1000);
                      }
              }
              
              #endif
  68          
  69          #ifdef RECEIVER
  70          
  71          void Routine_UART() interrupt 4
  72          {
  73   1              if (RI == 1)
  74   1              {
  75   2                      P2 = SBUF;
  76   2                      SendByteByUart(SBUF);
  77   2                      RI = 0;
  78   2              }
  79   1      }
  80          
  81          void main()
  82          {
  83   1              InitUart();
  84   1              
  85   1              while (1)
  86   1              {
  87   2                      
  88   2              }
  89   1      }
  90          
  91          #endif


MODULE INFORMATION:   STATIC OVERLAYABLE
   CODE SIZE        =     91    ----
   CONSTANT SIZE    =   ----    ----
   XDATA SIZE       =   ----    ----
   PDATA SIZE       =   ----    ----
   DATA SIZE        =   ----    ----
   IDATA SIZE       =   ----    ----
   BIT SIZE         =   ----    ----
END OF MODULE INFORMATION.


C51 COMPILATION COMPLETE.  0 WARNING(S),  0 ERROR(S)
