C51 COMPILER V9.54   MAIN                                                                  05/11/2024 00:23:16 PAGE 1   


C51 COMPILER V9.54, COMPILATION OF MODULE MAIN
OBJECT MODULE PLACED IN .\Objects\main.obj
COMPILER INVOKED BY: C:\Keil_v5\C51\BIN\C51.EXE main.c OPTIMIZE(8,SPEED) BROWSE DEBUG OBJECTEXTEND PRINT(.\Listings\main
                    -.lst) OBJECT(.\Objects\main.obj)

line level    source

   1          #include <REGX52.H>
   2          #include <INTRINS.H>
   3          
   4          // Delay for @11.0592MHz
   5          void DelayMs(unsigned int xms)
   6          {
   7   1              unsigned char i, j;
   8   1              
   9   1              while (xms--)
  10   1              {
  11   2                      for (i = 2; i > 0; i--)
  12   2                      {
  13   3                              for (j = 199; j > 0; j--);
  14   3                      }
  15   2              }
  16   1      }
  17          
  18          void main()
  19          {
  20   1              while (1)
  21   1              {
  22   2                      if (P2 == 0x00)
  23   2                      {
  24   3                              P2 = 0xFE >> 1;
  25   3                      }
  26   2                              
  27   2                      P2 = P2 << 1;
  28   2                      DelayMs(500);
  29   2              }
  30   1      }
  31                  


MODULE INFORMATION:   STATIC OVERLAYABLE
   CODE SIZE        =     48    ----
   CONSTANT SIZE    =   ----    ----
   XDATA SIZE       =   ----    ----
   PDATA SIZE       =   ----    ----
   DATA SIZE        =   ----    ----
   IDATA SIZE       =   ----    ----
   BIT SIZE         =   ----    ----
END OF MODULE INFORMATION.


C51 COMPILATION COMPLETE.  0 WARNING(S),  0 ERROR(S)
