C51 COMPILER V9.54   MAIN                                                                  05/22/2024 00:27:10 PAGE 1   


C51 COMPILER V9.54, COMPILATION OF MODULE MAIN
OBJECT MODULE PLACED IN .\Objects\main.obj
COMPILER INVOKED BY: C:\Keil_v5\C51\BIN\C51.EXE main.c OPTIMIZE(8,SPEED) BROWSE DEBUG OBJECTEXTEND PRINT(.\Listings\main
                    -.lst) OBJECT(.\Objects\main.obj)

line level    source

   1          #include <REGX52.H>
   2          
   3          sbit RCK = P3 ^ 5;
   4          sbit SCK = P3 ^ 6;
   5          sbit SER = P3 ^ 4;
   6          
   7          void WriteByteTo74HC595(unsigned char Byte)
   8          {
   9   1              unsigned char i;
  10   1              for (i = 0; i < 8; i++)
  11   1              {
  12   2                      SER = Byte & (0x80 >> i);
  13   2                      SCK = 1;
  14   2                      SCK = 0;
  15   2              }
  16   1              
  17   1              RCK = 1;
  18   1              RCK = 0;
  19   1      }
  20          
  21          // Delay for @11.0592MHz
  22          void DelayMs(unsigned int xms)
  23          {
  24   1              unsigned char i, j;
  25   1              
  26   1              while (xms--)
  27   1              {
  28   2                      for (i = 2; i > 0; i--)
  29   2                      {
  30   3                              for (j = 199; j > 0; j--);
  31   3                      }
  32   2              }
  33   1      }
  34          
  35          void ShowLatticeDisplayColumn(unsigned char Column, Data)
  36          {
  37   1              WriteByteTo74HC595(Data);
  38   1              P0 = ~(0x80 >> Column);
  39   1              DelayMs(1);
  40   1              P0 = 0xFF;
  41   1      }
  42          
  43          unsigned char code Title[] = {
  44                  0x00,0x00,0x00,0x00,0x00,0x00,0x00,0x00,
  45                  0x38,0x44,0x44,0x44,0x38,0x00,0x7C,0x00,
  46                  0x1C,0x14,0x7C,0x00,0x00,0x7C,0x20,0x18,
  47                  0x20,0x7C,0x00,0x18,0x2C,0x34,0x10,0x00,
  48                  0x1C,0x10,0x1C,0x10,0x0C,0x00,0x18,0x24,
  49                  0x24,0x18,0x00,0x0C,0x10,0x00,0x19,0x05,
  50                  0x1E,0x00,0x00,0x10,0x10,0x00,0x00,0x2E,
  51                  0x68,0x3E,0x28,0x2E,0x00,0x02,0x7C,0x00,
  52                  0x7E,0x00,0x7E,0x00,0x52,0x04,0x20,0x7A,
  53                  0x2E,0x34,0x20,0x00,0x00,0x00,0x00,0x00
  54          };
C51 COMPILER V9.54   MAIN                                                                  05/22/2024 00:27:10 PAGE 2   

  55          
  56          void InitLatticeDisplay()
  57          {
  58   1              SCK = 0;
  59   1              RCK = 0;
  60   1      }
  61          
  62          int main()
  63          {
  64   1              unsigned char i, Offset = 0, Count = 0;
  65   1              
  66   1              InitLatticeDisplay();
  67   1              
  68   1              while (1)
  69   1              {
  70   2                      for (i = 0; i < 8; i++)
  71   2                      {
  72   3                              ShowLatticeDisplayColumn(i, Title[i + Offset]);
  73   3                      }
  74   2                      
  75   2                      Count++;
  76   2                      if (Count > 20)
  77   2                      {
  78   3                              Count = 0;
  79   3                              Offset++;
  80   3                              
  81   3                              if (Offset > 72)
  82   3                              {
  83   4                                      Offset = 0;
  84   4                              }
  85   3                      }
  86   2              }
  87   1      }


MODULE INFORMATION:   STATIC OVERLAYABLE
   CODE SIZE        =    165    ----
   CONSTANT SIZE    =     80    ----
   XDATA SIZE       =   ----    ----
   PDATA SIZE       =   ----    ----
   DATA SIZE        =   ----       2
   IDATA SIZE       =   ----    ----
   BIT SIZE         =   ----    ----
END OF MODULE INFORMATION.


C51 COMPILATION COMPLETE.  0 WARNING(S),  0 ERROR(S)
