C51 COMPILER V9.54   MAIN                                                                  05/19/2024 06:10:47 PAGE 1   


C51 COMPILER V9.54, COMPILATION OF MODULE MAIN
OBJECT MODULE PLACED IN .\Objects\main.obj
COMPILER INVOKED BY: C:\Keil_v5\C51\BIN\C51.EXE main.c OPTIMIZE(8,SPEED) BROWSE DEBUG OBJECTEXTEND PRINT(.\Listings\main
                    -.lst) OBJECT(.\Objects\main.obj)

line level    source

   1          #include <REGX52.H>
   2          #include "LCD1602.h"
   3          #include "Delay.h"
   4          
   5          #define WHEN_BUTTON_PRESSED(Button) \
   6                  DelayMs(20);                                    \
   7                  while(Button == 0);                     \
   8                  DelayMs(20);
   9          
  10          unsigned char MatrixKey()
  11          {
  12   1              unsigned char KeyNum = 0;
  13   1              
  14   1              P1 = 0xFF;
  15   1              P1_3 = 0;
  16   1              if (P1_7 == 0) { WHEN_BUTTON_PRESSED(P1_7); KeyNum = 1; }
  17   1              if (P1_6 == 0) { WHEN_BUTTON_PRESSED(P1_6); KeyNum = 5; }
  18   1              if (P1_5 == 0) { WHEN_BUTTON_PRESSED(P1_5); KeyNum = 9; }
  19   1              if (P1_4 == 0) { WHEN_BUTTON_PRESSED(P1_4); KeyNum = 13; }
  20   1              
  21   1              P1 = 0xFF;
  22   1              P1_2 = 0;
  23   1              if (P1_7 == 0) { WHEN_BUTTON_PRESSED(P1_7); KeyNum = 2; }
  24   1              if (P1_6 == 0) { WHEN_BUTTON_PRESSED(P1_6); KeyNum = 6; }
  25   1              if (P1_5 == 0) { WHEN_BUTTON_PRESSED(P1_5); KeyNum = 10; }
  26   1              if (P1_4 == 0) { WHEN_BUTTON_PRESSED(P1_4); KeyNum = 14; }
  27   1              
  28   1              P1 = 0xFF;
  29   1              P1_1 = 0;
  30   1              if (P1_7 == 0) { WHEN_BUTTON_PRESSED(P1_7); KeyNum = 3; }
  31   1              if (P1_6 == 0) { WHEN_BUTTON_PRESSED(P1_6); KeyNum = 7; }
  32   1              if (P1_5 == 0) { WHEN_BUTTON_PRESSED(P1_5); KeyNum = 11; }
  33   1              if (P1_4 == 0) { WHEN_BUTTON_PRESSED(P1_4); KeyNum = 15; }
  34   1              
  35   1              P1 = 0xFF;
  36   1              P1_0 = 0;
  37   1              if (P1_7 == 0) { WHEN_BUTTON_PRESSED(P1_7); KeyNum = 4; }
  38   1              if (P1_6 == 0) { WHEN_BUTTON_PRESSED(P1_6); KeyNum = 8; }
  39   1              if (P1_5 == 0) { WHEN_BUTTON_PRESSED(P1_5); KeyNum = 12; }
  40   1              if (P1_4 == 0) { WHEN_BUTTON_PRESSED(P1_4); KeyNum = 16; }
  41   1              
  42   1              return KeyNum;
  43   1      }
  44          
  45          void main()
  46          {
  47   1              unsigned char KeyNum;
  48   1              unsigned int Password = 0;
  49   1              unsigned char Count = 0;
  50   1              
  51   1              LCD_Init();
  52   1              LCD_ShowString(1, 1, "Password:");
  53   1              while(1)
  54   1              {
C51 COMPILER V9.54   MAIN                                                                  05/19/2024 06:10:47 PAGE 2   

  55   2                      KeyNum = MatrixKey();
  56   2                      
  57   2                      if (KeyNum == 0 || KeyNum > 10 || Count == 4)
  58   2                      {
  59   3                              continue;
  60   3                      }
  61   2                      
  62   2                      Password *= 10;
  63   2                      Password += KeyNum % 10;
  64   2                      Count++;
  65   2                      
  66   2                      LCD_ShowNum(2, 1, Password, 4);
  67   2              }
  68   1      }


MODULE INFORMATION:   STATIC OVERLAYABLE
   CODE SIZE        =    485    ----
   CONSTANT SIZE    =     10    ----
   XDATA SIZE       =   ----    ----
   PDATA SIZE       =   ----    ----
   DATA SIZE        =   ----       5
   IDATA SIZE       =   ----    ----
   BIT SIZE         =   ----    ----
END OF MODULE INFORMATION.


C51 COMPILATION COMPLETE.  0 WARNING(S),  0 ERROR(S)
